[17.12.2023 17:24:18] [INFO   ] User login has been failed with Username tet 
[17.12.2023 17:24:23] [INFO   ] User has been logged in with Username Nase 
[17.12.2023 18:17:23] [INFO   ] User has been logged in with Username Test 
[17.12.2023 18:20:54] [INFO   ] User login has been failed with Username test 
[17.12.2023 18:20:58] [INFO   ] User has been logged in with Username Test 
[17.12.2023 18:25:14] [SEVERE ] User login has been failed with Username test 
[17.12.2023 18:30:00] [SEVERE ] User login has been failed with Username test 
[17.12.2023 18:30:11] [SEVERE ] User has been logged in with Username Test 
[17.12.2023 18:44:59] [SEVERE ] User has been logged in with Username Nase 
[17.12.2023 18:46:04] [SEVERE ] User has been registered with Username: Nase2 
[17.12.2023 18:48:39] [SEVERE ] User has been logged in with Username Nase2 
[17.12.2023 18:48:41] [SEVERE ] Please logout to register a new user 
[17.12.2023 18:49:51] [SEVERE ] User has been logged in with Username Nase2 
[17.12.2023 18:49:54] [SEVERE ] Please logout to register a new user 
[17.12.2023 18:49:58] [SEVERE ] Please logout to register a new user 
[17.12.2023 18:50:01] [SEVERE ] User has been logged out 
[17.12.2023 18:50:09] [SEVERE ] User has been registered with Username: Nase3 
[17.12.2023 18:50:15] [SEVERE ] User has been logged in with Username Nase3 
[17.12.2023 18:50:53] [SEVERE ] User has been logged out 
[17.12.2023 18:58:48] [SEVERE ] User login has been failed with Username Demo 
[17.12.2023 18:59:08] [SEVERE ] Please logout to register a new user 
[17.12.2023 19:01:14] [SEVERE ] User login has been failed with Username Demo 
[17.12.2023 19:03:17] [SEVERE ] User login has been failed with Username demo 
[17.12.2023 19:03:36] [SEVERE ] Please logout to register a new user 
[17.12.2023 19:04:17] [SEVERE ] User login has been failed with Username Demo 
[17.12.2023 19:04:42] [SEVERE ] User login has been failed with Username Demo 
[17.12.2023 19:05:00] [SEVERE ] Please logout to register a new user 
[17.12.2023 19:06:28] [SEVERE ] User login has been failed with Username demo 
[17.12.2023 19:06:42] [SEVERE ] User has been registered with Username: Nase5 
[17.12.2023 19:06:49] [SEVERE ] User has been logged in with Username Nase5 
[17.12.2023 19:06:54] [SEVERE ] Please logout to register a new user 
[17.12.2023 19:06:57] [SEVERE ] User failed to log out 
[17.12.2023 19:07:03] [SEVERE ] User failed to log out 
[17.12.2023 19:08:33] [SEVERE ] User has been logged in with Username Nase5 
[17.12.2023 19:08:46] [SEVERE ] User has been logged out 
[17.12.2023 19:09:07] [SEVERE ] User has been logged in with Username Nase5 
[17.12.2023 19:09:08] [SEVERE ] User has been logged out 
[17.12.2023 19:09:21] [SEVERE ] User has been logged in with Username Nase 
[17.12.2023 19:09:26] [SEVERE ] User has been logged out 
[17.12.2023 19:09:40] [SEVERE ] User has been logged in with Username Nase 
[17.12.2023 19:12:16] [SEVERE ] User has been logged in with Username Nase 
[17.12.2023 19:14:16] [SEVERE ] User has been logged in with Username Nase 
